d:\data\csdn_ffmpeg_qt_lesson\xxplay\src\xxplay\..\..\tmp\uic\ui_xxplaymainwindow.h
d:\data\csdn_ffmpeg_qt_lesson\xxplay\src\xxplay\..\..\tmp\rcc\qrc_xxplaymainwindow.cpp
d:\data\csdn_ffmpeg_qt_lesson\xxplay\src\xxplay\..\..\tmp\moc\moc_xxplaymainwindow.cpp
d:\data\csdn_ffmpeg_qt_lesson\xxplay\tmp\uic\ui_xxplaymainwindow.h
d:\data\csdn_ffmpeg_qt_lesson\xxplay\tmp\rcc\qrc_xxplaymainwindow.cpp
d:\data\csdn_ffmpeg_qt_lesson\xxplay\tmp\moc\moc_xxplaymainwindow.cpp
d:\data\csdn_ffmpeg_qt_lesson\xxplay\tmp\moc\moc_videowidget.cpp
d:\data\csdn_ffmpeg_qt_lesson\xxplay\tmp\xxplaymainwindow.obj
d:\data\csdn_ffmpeg_qt_lesson\xxplay\tmp\main.obj
d:\data\csdn_ffmpeg_qt_lesson\xxplay\tmp\vc140.pdb
d:\data\csdn_ffmpeg_qt_lesson\xxplay\tmp\qrc_xxplaymainwindow.obj
d:\data\csdn_ffmpeg_qt_lesson\xxplay\tmp\moc_xxplaymainwindow.obj
d:\data\csdn_ffmpeg_qt_lesson\xxplay\tmp\videowidget.obj
d:\data\csdn_ffmpeg_qt_lesson\xxplay\tmp\xffmpeg.obj
d:\data\csdn_ffmpeg_qt_lesson\xxplay\tmp\moc_videowidget.obj
d:\data\csdn_ffmpeg_qt_lesson\xxplay\tmp\xxplay.res
d:\data\csdn_ffmpeg_qt_lesson\xxplay\bin\win32\xxplay.ilk
d:\data\csdn_ffmpeg_qt_lesson\xxplay\bin\win32\xxplay.exe
d:\data\csdn_ffmpeg_qt_lesson\xxplay\bin\win32\xxplay.pdb
d:\data\csdn_ffmpeg_qt_lesson\xxplay\src\xxplay\generatedfiles\debug\moc_videowidget.cpp
d:\data\csdn_ffmpeg_qt_lesson\xxplay\src\xxplay\..\..\bin\win32\xxplay.exe
d:\data\csdn_ffmpeg_qt_lesson\xxplay\tmp\xxplay.tlog\uic.read.1u.tlog
d:\data\csdn_ffmpeg_qt_lesson\xxplay\tmp\xxplay.tlog\rcc.read.1u.tlog
d:\data\csdn_ffmpeg_qt_lesson\xxplay\tmp\xxplay.tlog\moc.read.1u.tlog
d:\data\csdn_ffmpeg_qt_lesson\xxplay\tmp\xxplay.tlog\uic.write.1u.tlog
d:\data\csdn_ffmpeg_qt_lesson\xxplay\tmp\xxplay.tlog\rcc.write.1u.tlog
d:\data\csdn_ffmpeg_qt_lesson\xxplay\tmp\xxplay.tlog\moc.write.1u.tlog
d:\data\csdn_ffmpeg_qt_lesson\xxplay\tmp\xxplay.tlog\xxplay.write.1u.tlog
d:\data\csdn_ffmpeg_qt_lesson\xxplay\tmp\xxplay.tlog\cl.read.1.tlog
d:\data\csdn_ffmpeg_qt_lesson\xxplay\tmp\xxplay.tlog\cl.write.1.tlog
d:\data\csdn_ffmpeg_qt_lesson\xxplay\tmp\xxplay.tlog\cl.command.1.tlog
d:\data\csdn_ffmpeg_qt_lesson\xxplay\tmp\xxplay.tlog\rc.read.1.tlog
d:\data\csdn_ffmpeg_qt_lesson\xxplay\tmp\xxplay.tlog\rc.write.1.tlog
d:\data\csdn_ffmpeg_qt_lesson\xxplay\tmp\xxplay.tlog\rc.command.1.tlog
d:\data\csdn_ffmpeg_qt_lesson\xxplay\tmp\xxplay.tlog\link.read.1.tlog
d:\data\csdn_ffmpeg_qt_lesson\xxplay\tmp\xxplay.tlog\link.write.1.tlog
d:\data\csdn_ffmpeg_qt_lesson\xxplay\tmp\xxplay.tlog\link.command.1.tlog
d:\data\csdn_ffmpeg_qt_lesson\xxplay\tmp\xxplay.tlog\custombuild.write.1.tlog
d:\data\csdn_ffmpeg_qt_lesson\xxplay\tmp\xxplay.tlog\custombuild.read.1.tlog
d:\data\csdn_ffmpeg_qt_lesson\xxplay\tmp\xxplay.tlog\custombuild.command.1.tlog
d:\data\csdn_ffmpeg_qt_lesson\xxplay\tmp\xxplay.tlog\..\..\bin\win32\xxplay.pdb
d:\data\csdn_ffmpeg_qt_lesson\xxplay\tmp\xxplay.tlog\..\..\bin\win32\xxplay.ilk
