生成启动时间为 2021/8/22 1:14:50。
     1>项目“D:\data\CSDN_FFMPEG_Qt_Lesson\XXPlay\src\XXPlay\XXPlay.vcxproj”在节点 2 上(Rebuild 个目标)。
     1>C:\Program Files (x86)\MSBuild\Microsoft.Cpp\v4.0\V140\Microsoft.CppBuild.targets(367,5): warning MSB8004: Intermediate Directory does not end with a trailing slash.  This build instance will add the slash as it is required to allow proper evaluation of the Intermediate Directory.
     1>C:\Program Files (x86)\MSBuild\Microsoft.Cpp\v4.0\V140\Microsoft.CppBuild.targets(368,5): warning MSB8004: Output Directory does not end with a trailing slash.  This build instance will add the slash as it is required to allow proper evaluation of the Output Directory.
     1>QtVars:
         WHERE /Q cl.exe
         ("C:/Qt/Qt5.9.8/5.9.8/msvc2015/bin/qmake" -query) 1> props.txt
         Reading Qt configuration (C:/Qt/Qt5.9.8/5.9.8/msvc2015/bin/qmake)
         ("C:/Qt/Qt5.9.8/5.9.8/msvc2015/bin/qmake" "CONFIG -= debug release debug_and_release" "CONFIG += debug" qtvars.pro) 1> qtvars.log 2>&1
     1>项目“D:\data\CSDN_FFMPEG_Qt_Lesson\XXPlay\src\XXPlay\XXPlay.vcxproj”(1)正在节点 2 上生成“D:\data\CSDN_FFMPEG_Qt_Lesson\XXPlay\src\XXPlay\XXPlay.vcxproj”(1:2) (Build 个目标)。
     1>C:\Program Files (x86)\MSBuild\Microsoft.Cpp\v4.0\V140\Microsoft.CppBuild.targets(367,5): warning MSB8004: Intermediate Directory does not end with a trailing slash.  This build instance will add the slash as it is required to allow proper evaluation of the Intermediate Directory.
     1>C:\Program Files (x86)\MSBuild\Microsoft.Cpp\v4.0\V140\Microsoft.CppBuild.targets(368,5): warning MSB8004: Output Directory does not end with a trailing slash.  This build instance will add the slash as it is required to allow proper evaluation of the Output Directory.
     1>CustomBuild:
         Performing Custom Build Tools
         D:\data\CSDN_FFMPEG_Qt_Lesson\XXPlay\src\XXPlay\VideoWidget.h(0): Note: No relevant classes found. No output generated.
       QtWork:
         uic XXPlayMainWindow.ui
         rcc XXPlayMainWindow.qrc
         moc XXPlayMainWindow.h
       ClCompile:
         C:\Program Files (x86)\Microsoft Visual Studio 14.0\VC\bin\CL.exe /c /I..\..\tmp\uic /I..\..\tmp\moc /I..\..\include /IC:\Qt\Qt5.9.8\5.9.8\msvc2015\include /IC:\Qt\Qt5.9.8\5.9.8\msvc2015\include\QtMultimedia /IC:\Qt\Qt5.9.8\5.9.8\msvc2015\include\QtWidgets /IC:\Qt\Qt5.9.8\5.9.8\msvc2015\include\QtGui /IC:\Qt\Qt5.9.8\5.9.8\msvc2015\include\QtANGLE /IC:\Qt\Qt5.9.8\5.9.8\msvc2015\include\QtNetwork /IC:\Qt\Qt5.9.8\5.9.8\msvc2015\include\QtCore /I"C:\Qt\Qt5.9.8\5.9.8\msvc2015\mkspecs\win32-msvc" /I..\..\tmp\moc /I..\..\tmp\uic /IC:\Qt\Qt5.9.8\5.9.8\msvc2015\include /IC:\Qt\Qt5.9.8\5.9.8\msvc2015\include\QtMultimedia /IC:\Qt\Qt5.9.8\5.9.8\msvc2015\include\QtWidgets /IC:\Qt\Qt5.9.8\5.9.8\msvc2015\include\QtGui /IC:\Qt\Qt5.9.8\5.9.8\msvc2015\include\QtANGLE /IC:\Qt\Qt5.9.8\5.9.8\msvc2015\include\QtNetwork /IC:\Qt\Qt5.9.8\5.9.8\msvc2015\include\QtCore /I"C:\Qt\Qt5.9.8\5.9.8\msvc2015\mkspecs\win32-msvc" /I..\..\tmp\moc /I..\..\tmp\uic /Zi /nologo /W1 /WX- /MP /Od /Oy- /D UNICODE /D _UNICODE /D WIN32 /D QT_MULTIMEDIA_LIB /D QT_WIDGETS_LIB /D QT_GUI_LIB /D QT_NETWORK_LIB /D QT_CORE_LIB /Gm- /EHsc /MDd /GS /fp:precise /Zc:wchar_t /Zc:forScope /Zc:inline /Fo"..\..\tmp\\" /Fd"..\..\tmp\vc140.pdb" /Gd /TP /analyze- /errorReport:prompt VideoWidget.cpp XFFmpeg.cpp XXPlayMainWindow.cpp main.cpp
         VideoWidget.cpp
         XFFmpeg.cpp
         XXPlayMainWindow.cpp
         main.cpp
     1>d:\data\csdn_ffmpeg_qt_lesson\xxplay\include\libavutil\rational.h : warning C4819: 该文件包含不能在当前代码页(936)中表示的字符。请将该文件保存为 Unicode 格式以防止数据丢失 (编译源文件 XFFmpeg.cpp)
     1>d:\data\csdn_ffmpeg_qt_lesson\xxplay\include\libavutil\rational.h : warning C4819: 该文件包含不能在当前代码页(936)中表示的字符。请将该文件保存为 Unicode 格式以防止数据丢失 (编译源文件 VideoWidget.cpp)
         C:\Program Files (x86)\Microsoft Visual Studio 14.0\VC\bin\CL.exe /c /I..\..\tmp\uic /I..\..\tmp\moc /ID:\data\CSDN_FFMPEG_Qt_Lesson\XXPlay\src\XXPlay\ /I..\..\include /IC:\Qt\Qt5.9.8\5.9.8\msvc2015\include /IC:\Qt\Qt5.9.8\5.9.8\msvc2015\include\QtMultimedia /IC:\Qt\Qt5.9.8\5.9.8\msvc2015\include\QtWidgets /IC:\Qt\Qt5.9.8\5.9.8\msvc2015\include\QtGui /IC:\Qt\Qt5.9.8\5.9.8\msvc2015\include\QtANGLE /IC:\Qt\Qt5.9.8\5.9.8\msvc2015\include\QtNetwork /IC:\Qt\Qt5.9.8\5.9.8\msvc2015\include\QtCore /I"C:\Qt\Qt5.9.8\5.9.8\msvc2015\mkspecs\win32-msvc" /I..\..\tmp\moc /I..\..\tmp\uic /IC:\Qt\Qt5.9.8\5.9.8\msvc2015\include /IC:\Qt\Qt5.9.8\5.9.8\msvc2015\include\QtMultimedia /IC:\Qt\Qt5.9.8\5.9.8\msvc2015\include\QtWidgets /IC:\Qt\Qt5.9.8\5.9.8\msvc2015\include\QtGui /IC:\Qt\Qt5.9.8\5.9.8\msvc2015\include\QtANGLE /IC:\Qt\Qt5.9.8\5.9.8\msvc2015\include\QtNetwork /IC:\Qt\Qt5.9.8\5.9.8\msvc2015\include\QtCore /I"C:\Qt\Qt5.9.8\5.9.8\msvc2015\mkspecs\win32-msvc" /I..\..\tmp\moc /I..\..\tmp\uic /Zi /nologo /W1 /WX- /MP /Od /Oy- /D UNICODE /D _UNICODE /D WIN32 /D QT_MULTIMEDIA_LIB /D QT_WIDGETS_LIB /D QT_GUI_LIB /D QT_NETWORK_LIB /D QT_CORE_LIB /Gm- /EHsc /MDd /GS /fp:precise /Zc:wchar_t /Zc:forScope /Zc:inline /Fo"..\..\tmp\\" /Fd"..\..\tmp\vc140.pdb" /Gd /TP /analyze- /errorReport:prompt ..\..\tmp\rcc\qrc_XXPlayMainWindow.cpp ..\..\tmp\moc\moc_XXPlayMainWindow.cpp
         qrc_XXPlayMainWindow.cpp
         moc_XXPlayMainWindow.cpp
       ResourceCompile:
         C:\Program Files (x86)\Windows Kits\8.1\bin\x86\rc.exe /l"0x0409" /nologo /fo"..\..\tmp\XXPlay.res" XXPlay.rc 
       Link:
         C:\Program Files (x86)\Microsoft Visual Studio 14.0\VC\bin\link.exe /ERRORREPORT:PROMPT /OUT:"..\..\bin\win32\XXPlay.exe" /NOLOGO /LIBPATH:..\..\lib\win32 /LIBPATH:C:\Qt\Qt5.9.8\5.9.8\msvc2015\lib /LIBPATH:C:\opensslx86\lib /LIBPATH:C:\Utils\my_sql\my_sqlx86\lib /LIBPATH:C:\Utils\postgresqlx86\pgsql\lib /LIBPATH:C:\Qt\Qt5.9.8\5.9.8\msvc2015\lib /LIBPATH:C:\opensslx86\lib /LIBPATH:C:\Utils\my_sql\my_sqlx86\lib /LIBPATH:C:\Utils\postgresqlx86\pgsql\lib C:\Qt\Qt5.9.8\5.9.8\msvc2015\lib\qtmaind.lib shell32.lib Qt5Cored.lib C:\Qt\Qt5.9.8\5.9.8\msvc2015\lib\Qt5Multimediad.lib C:\Qt\Qt5.9.8\5.9.8\msvc2015\lib\Qt5Widgetsd.lib C:\Qt\Qt5.9.8\5.9.8\msvc2015\lib\Qt5Guid.lib C:\Qt\Qt5.9.8\5.9.8\msvc2015\lib\Qt5Networkd.lib C:\Qt\Qt5.9.8\5.9.8\msvc2015\lib\Qt5Cored.lib kernel32.lib user32.lib gdi32.lib winspool.lib comdlg32.lib advapi32.lib shell32.lib ole32.lib oleaut32.lib uuid.lib odbc32.lib odbccp32.lib /MANIFEST /MANIFESTUAC:"level='asInvoker' uiAccess='false'" /manifest:embed /Debug /PDB:"..\..\bin\win32\XXPlay.pdb" /SUBSYSTEM:WINDOWS /TLBID:1 /DYNAMICBASE /NXCOMPAT /IMPLIB:"..\..\bin\win32\XXPlay.lib" /MACHINE:X86 /SAFESEH:NO ..\..\tmp\XXPlay.res
         ..\..\tmp\VideoWidget.obj
         ..\..\tmp\XFFmpeg.obj
         ..\..\tmp\XXPlayMainWindow.obj
         ..\..\tmp\main.obj
         ..\..\tmp\qrc_XXPlayMainWindow.obj
         ..\..\tmp\moc_XXPlayMainWindow.obj
         XXPlay.vcxproj -> D:\data\CSDN_FFMPEG_Qt_Lesson\XXPlay\src\XXPlay\..\..\bin\win32\XXPlay.exe
     1>已完成生成项目“D:\data\CSDN_FFMPEG_Qt_Lesson\XXPlay\src\XXPlay\XXPlay.vcxproj”(Build 个目标)的操作。
     1>已完成生成项目“D:\data\CSDN_FFMPEG_Qt_Lesson\XXPlay\src\XXPlay\XXPlay.vcxproj”(Rebuild 个目标)的操作。

已成功生成。

已用时间 00:00:09.08
